2026-04-27 21:26:24,204 [INFO] Scraping term: Fall 2026 Semester (202710)
2026-04-27 21:26:25,301 [INFO]   Found 100 subjects
2026-04-27 21:26:25,301 [INFO]   Fetching subject ACCT ...
2026-04-27 21:26:26,954 [INFO]     92 sections found
2026-04-27 21:26:54,854 [INFO]     Saved 92 sections for ACCT
2026-04-27 21:26:55,055 [INFO]   Fetching subject ACC ...
2026-04-27 21:26:56,618 [INFO]     22 sections found
2026-04-27 21:27:05,342 [INFO]     Saved 22 sections for ACC
2026-04-27 21:27:05,543 [INFO]   Fetching subject AVM ...
2026-04-27 21:27:06,405 [INFO]     6 sections found
2026-04-27 21:27:08,525 [INFO]     Saved 6 sections for AVM
2026-04-27 21:27:08,727 [INFO]   Fetching subject AFCS ...
2026-04-27 21:27:10,173 [INFO]     12 sections found
2026-04-27 21:27:14,131 [INFO]     Saved 12 sections for AFCS
2026-04-27 21:27:14,333 [INFO]   Fetching subject AMSL ...
2026-04-27 21:27:15,145 [INFO]     8 sections found
2026-04-27 21:27:17,439 [INFO]     Saved 8 sections for AMSL
2026-04-27 21:27:17,641 [INFO]   Fetching subject ALY ...
2026-04-27 21:27:19,721 [INFO]     81 sections found
2026-04-27 21:27:49,323 [INFO]     Saved 81 sections for ALY
2026-04-27 21:27:49,525 [INFO]   Fetching subject ANTH ...
2026-04-27 21:27:50,601 [INFO]     13 sections found
2026-04-27 21:27:55,409 [INFO]     Saved 13 sections for ANTH
2026-04-27 21:27:55,610 [INFO]   Fetching subject AAI ...
2026-04-27 21:27:56,622 [INFO]     3 sections found
2026-04-27 21:27:57,832 [INFO]     Saved 3 sections for AAI
2026-04-27 21:27:58,034 [INFO]   Fetching subject APL ...
2026-04-27 21:27:59,081 [INFO]     10 sections found
2026-04-27 21:28:02,776 [INFO]     Saved 10 sections for APL
2026-04-27 21:28:02,977 [INFO]   Fetching subject ARAB ...
2026-04-27 21:28:04,045 [INFO]     5 sections found
2026-04-27 21:28:06,571 [INFO]     Saved 5 sections for ARAB
2026-04-27 21:28:06,772 [INFO]   Fetching subject ARCH ...
2026-04-27 21:28:09,323 [INFO]     94 sections found
2026-04-27 21:28:36,824 [INFO]     Saved 94 sections for ARCH
2026-04-27 21:28:37,025 [INFO]   Fetching subject ARMY ...
2026-04-27 21:28:37,836 [INFO]     6 sections found
2026-04-27 21:28:40,019 [INFO]     Saved 6 sections for ARMY
2026-04-27 21:28:40,221 [INFO]   Fetching subject ART ...
2026-04-27 21:28:41,042 [INFO]     2 sections found
2026-04-27 21:28:42,128 [INFO]     Saved 2 sections for ART
2026-04-27 21:28:42,329 [INFO]   Fetching subject ARTG ...
2026-04-27 21:28:44,845 [INFO]     97 sections found
2026-04-27 21:29:12,098 [INFO]     Saved 97 sections for ARTG
2026-04-27 21:29:12,299 [INFO]   Fetching subject ARTF ...
2026-04-27 21:29:14,758 [INFO]     56 sections found
2026-04-27 21:29:31,506 [INFO]     Saved 56 sections for ARTF
2026-04-27 21:29:31,707 [INFO]   Fetching subject ARTH ...
2026-04-27 21:29:32,597 [INFO]     17 sections found
2026-04-27 21:29:39,403 [INFO]     Saved 17 sections for ARTH
2026-04-27 21:29:39,604 [INFO]   Fetching subject ARTD ...
2026-04-27 21:29:41,738 [INFO]     34 sections found
2026-04-27 21:29:52,611 [INFO]     Saved 34 sections for ARTD
2026-04-27 21:29:52,812 [INFO]   Fetching subject ARTS ...
2026-04-27 21:29:53,670 [INFO]     5 sections found
2026-04-27 21:29:55,891 [INFO]     Saved 5 sections for ARTS
2026-04-27 21:29:56,093 [INFO]   Fetching subject AACE ...
2026-04-27 21:29:56,959 [INFO]     4 sections found
2026-04-27 21:29:58,204 [INFO]     Saved 4 sections for AACE
2026-04-27 21:29:58,405 [INFO]   Fetching subject ASNS ...
2026-04-27 21:29:59,362 [INFO]     1 sections found
2026-04-27 21:30:00,675 [INFO]     Saved 1 sections for ASNS
2026-04-27 21:30:00,877 [INFO]   Fetching subject BNSC ...
2026-04-27 21:30:01,744 [INFO]     2 sections found
2026-04-27 21:30:02,810 [INFO]     Saved 2 sections for BNSC
2026-04-27 21:30:03,011 [INFO]   Fetching subject BIOC ...
2026-04-27 21:30:03,881 [INFO]     1 sections found
2026-04-27 21:30:04,963 [INFO]     Saved 1 sections for BIOC
2026-04-27 21:30:05,164 [INFO]   Fetching subject BIOE ...
2026-04-27 21:30:09,612 [INFO]     213 sections found
2026-04-27 21:31:17,802 [INFO]     Saved 213 sections for BIOE
2026-04-27 21:31:18,003 [INFO]   Fetching subject BINF ...
2026-04-27 21:31:19,179 [INFO]     33 sections found
2026-04-27 21:31:30,315 [INFO]     Saved 33 sections for BINF
2026-04-27 21:31:30,516 [INFO]   Fetching subject BIOL ...
2026-04-27 21:31:32,903 [INFO]     210 sections found
2026-04-27 21:32:35,441 [INFO]     Saved 210 sections for BIOL
2026-04-27 21:32:35,642 [INFO]   Fetching subject BIO ...
2026-04-27 21:32:37,445 [INFO]     28 sections found
2026-04-27 21:32:45,182 [INFO]     Saved 28 sections for BIO
2026-04-27 21:32:45,384 [INFO]   Fetching subject BIOT ...
2026-04-27 21:32:47,811 [INFO]     85 sections found
2026-04-27 21:33:14,027 [INFO]     Saved 85 sections for BIOT
2026-04-27 21:33:14,229 [INFO]   Fetching subject BTC ...
2026-04-27 21:33:15,046 [INFO]     5 sections found
2026-04-27 21:33:17,282 [INFO]     Saved 5 sections for BTC
2026-04-27 21:33:17,484 [INFO]   Fetching subject BUSN ...
2026-04-27 21:33:19,338 [INFO]     53 sections found
2026-04-27 21:33:34,986 [INFO]     Saved 53 sections for BUSN
2026-04-27 21:33:35,187 [INFO]   Fetching subject EXSC ...
2026-04-27 21:33:36,120 [INFO]     4 sections found
2026-04-27 21:33:37,292 [INFO]     Saved 4 sections for EXSC
2026-04-27 21:33:37,494 [INFO]   Fetching subject CHME ...
2026-04-27 21:33:38,983 [INFO]     120 sections found
2026-04-27 21:34:12,940 [INFO]     Saved 120 sections for CHME
2026-04-27 21:34:13,141 [INFO]   Fetching subject CHEM ...
2026-04-27 21:34:17,468 [INFO]     268 sections found
2026-04-27 21:35:39,644 [INFO]     Saved 268 sections for CHEM
2026-04-27 21:35:39,845 [INFO]   Fetching subject CHM ...
2026-04-27 21:35:40,754 [INFO]     18 sections found
2026-04-27 21:35:46,330 [INFO]     Saved 18 sections for CHM
2026-04-27 21:35:46,531 [INFO]   Fetching subject CHNS ...
2026-04-27 21:35:47,577 [INFO]     10 sections found
2026-04-27 21:35:50,824 [INFO]     Saved 10 sections for CHNS
2026-04-27 21:35:51,025 [INFO]   Fetching subject CIVE ...
2026-04-27 21:35:52,841 [INFO]     157 sections found
2026-04-27 21:36:38,967 [INFO]     Saved 157 sections for CIVE
2026-04-27 21:36:39,168 [INFO]   Fetching subject CED ...
2026-04-27 21:36:40,911 [INFO]     24 sections found
2026-04-27 21:36:49,660 [INFO]     Saved 24 sections for CED
2026-04-27 21:36:49,861 [INFO]   Fetching subject COMM ...
2026-04-27 21:36:52,251 [INFO]     88 sections found
2026-04-27 21:37:17,801 [INFO]     Saved 88 sections for COMM
2026-04-27 21:37:18,002 [INFO]   Fetching subject CMN ...
2026-04-27 21:37:19,084 [INFO]     29 sections found
2026-04-27 21:37:28,459 [INFO]     Saved 29 sections for CMN
2026-04-27 21:37:28,661 [INFO]   Fetching subject CNET ...
2026-04-27 21:37:29,476 [INFO]     4 sections found
2026-04-27 21:37:30,968 [INFO]     Saved 4 sections for CNET
2026-04-27 21:37:31,169 [INFO]   Fetching subject CET ...
2026-04-27 21:37:31,952 [INFO]     2 sections found
2026-04-27 21:37:33,112 [INFO]     Saved 2 sections for CET
2026-04-27 21:37:33,314 [INFO]   Fetching subject CS ...
2026-04-27 21:37:43,290 [INFO]     946 sections found
2026-04-27 21:42:29,296 [INFO]     Saved 946 sections for CS
2026-04-27 21:42:29,497 [INFO]   Fetching subject CSYE ...
2026-04-27 21:42:30,523 [INFO]     37 sections found
2026-04-27 21:42:41,917 [INFO]     Saved 37 sections for CSYE
2026-04-27 21:42:42,118 [INFO]   Fetching subject CMG ...
2026-04-27 21:42:43,107 [INFO]     8 sections found
2026-04-27 21:42:45,448 [INFO]     Saved 8 sections for CMG
2026-04-27 21:42:45,650 [INFO]   Fetching subject EEAM ...
2026-04-27 21:42:46,519 [INFO]     7 sections found
2026-04-27 21:42:48,775 [INFO]     Saved 7 sections for EEAM
2026-04-27 21:42:48,977 [INFO]   Fetching subject EEBA ...
2026-04-27 21:42:49,766 [INFO]     4 sections found
2026-04-27 21:42:50,948 [INFO]     Saved 4 sections for EEBA
2026-04-27 21:42:51,149 [INFO]   Fetching subject EESC ...
2026-04-27 21:42:53,040 [INFO]     41 sections found
2026-04-27 21:43:05,507 [INFO]     Saved 41 sections for EESC
2026-04-27 21:43:05,709 [INFO]   Fetching subject EESH ...
2026-04-27 21:43:06,588 [INFO]     11 sections found
2026-04-27 21:43:10,011 [INFO]     Saved 11 sections for EESH
2026-04-27 21:43:10,213 [INFO]   Fetching subject EXED ...
2026-04-27 21:43:11,252 [INFO]     15 sections found
2026-04-27 21:43:15,728 [INFO]     Saved 15 sections for EXED
2026-04-27 21:43:15,930 [INFO]   Fetching subject COOP ...
2026-04-27 21:43:16,877 [INFO]     18 sections found
2026-04-27 21:43:22,538 [INFO]     Saved 18 sections for COOP
2026-04-27 21:43:22,740 [INFO]   Fetching subject INNO ...
2026-04-27 21:43:25,248 [INFO]     40 sections found
2026-04-27 21:43:36,025 [INFO]     Saved 40 sections for INNO
2026-04-27 21:43:36,226 [INFO]   Fetching subject CAEP ...
2026-04-27 21:43:38,764 [INFO]     126 sections found
2026-04-27 21:44:18,017 [INFO]     Saved 126 sections for CAEP
2026-04-27 21:44:18,218 [INFO]   Fetching subject CRWT ...
2026-04-27 21:44:19,127 [INFO]     6 sections found
2026-04-27 21:44:21,641 [INFO]     Saved 6 sections for CRWT
2026-04-27 21:44:21,843 [INFO]   Fetching subject CRIM ...
2026-04-27 21:44:24,041 [INFO]     79 sections found
2026-04-27 21:44:48,084 [INFO]     Saved 79 sections for CRIM
2026-04-27 21:44:48,286 [INFO]   Fetching subject CLTR ...
2026-04-27 21:44:49,119 [INFO]     1 sections found
2026-04-27 21:44:50,183 [INFO]     Saved 1 sections for CLTR
2026-04-27 21:44:50,384 [INFO]   Fetching subject CY ...
2026-04-27 21:44:52,851 [INFO]     82 sections found
2026-04-27 21:45:17,971 [INFO]     Saved 82 sections for CY
2026-04-27 21:45:18,172 [INFO]   Fetching subject DA ...
2026-04-27 21:45:19,007 [INFO]     2 sections found
2026-04-27 21:45:20,606 [INFO]     Saved 2 sections for DA
2026-04-27 21:45:20,808 [INFO]   Fetching subject DADS ...
2026-04-27 21:45:22,422 [INFO]     3 sections found
2026-04-27 21:45:24,612 [INFO]     Saved 3 sections for DADS
2026-04-27 21:45:24,813 [INFO]   Fetching subject DAMG ...
2026-04-27 21:45:26,445 [INFO]     20 sections found
2026-04-27 21:45:32,606 [INFO]     Saved 20 sections for DAMG
2026-04-27 21:45:32,808 [INFO]   Fetching subject DS ...
2026-04-27 21:45:33,884 [INFO]     41 sections found
2026-04-27 21:45:46,092 [INFO]     Saved 41 sections for DS
2026-04-27 21:45:46,293 [INFO]   Fetching subject DEAF ...
2026-04-27 21:45:47,074 [INFO]     2 sections found
2026-04-27 21:45:48,110 [INFO]     Saved 2 sections for DEAF
2026-04-27 21:45:48,311 [INFO]   Fetching subject DGM ...
2026-04-27 21:45:50,226 [INFO]     48 sections found
2026-04-27 21:46:04,927 [INFO]     Saved 48 sections for DGM
2026-04-27 21:46:05,128 [INFO]   Fetching subject ENVR ...
2026-04-27 21:46:08,676 [INFO]     59 sections found
2026-04-27 21:46:27,621 [INFO]     Saved 59 sections for ENVR
2026-04-27 21:46:27,822 [INFO]   Fetching subject EEMB ...
2026-04-27 21:46:28,906 [INFO]     36 sections found
2026-04-27 21:46:38,883 [INFO]     Saved 36 sections for EEMB
2026-04-27 21:46:39,084 [INFO]   Fetching subject ECON ...
2026-04-27 21:46:40,468 [INFO]     105 sections found
2026-04-27 21:47:15,572 [INFO]     Saved 105 sections for ECON
2026-04-27 21:47:15,773 [INFO]   Fetching subject ECN ...
2026-04-27 21:47:16,575 [INFO]     4 sections found
2026-04-27 21:47:17,750 [INFO]     Saved 4 sections for ECN
2026-04-27 21:47:17,952 [INFO]   Fetching subject ECNM ...
2026-04-27 21:47:18,805 [INFO]     4 sections found
2026-04-27 21:47:19,963 [INFO]     Saved 4 sections for ECNM
2026-04-27 21:47:20,164 [INFO]   Fetching subject EDUC ...
2026-04-27 21:47:21,038 [INFO]     2 sections found
2026-04-27 21:47:22,158 [INFO]     Saved 2 sections for EDUC
2026-04-27 21:47:22,360 [INFO]   Fetching subject EDU ...
2026-04-27 21:47:23,858 [INFO]     15 sections found
2026-04-27 21:47:28,680 [INFO]     Saved 15 sections for EDU
2026-04-27 21:47:28,881 [INFO]   Fetching subject EDUT ...
2026-04-27 21:47:29,987 [INFO]     3 sections found
2026-04-27 21:47:31,159 [INFO]     Saved 3 sections for EDUT
2026-04-27 21:47:31,360 [INFO]   Fetching subject EET ...
2026-04-27 21:47:32,175 [INFO]     1 sections found
2026-04-27 21:47:33,198 [INFO]     Saved 1 sections for EET
2026-04-27 21:47:33,400 [INFO]   Fetching subject EECE ...
2026-04-27 21:47:40,405 [INFO]     380 sections found
2026-04-27 21:49:38,181 [INFO]     Saved 380 sections for EECE
2026-04-27 21:49:38,382 [INFO]   Fetching subject ENSY ...
2026-04-27 21:49:39,304 [INFO]     8 sections found
2026-04-27 21:49:41,702 [INFO]     Saved 8 sections for ENSY
2026-04-27 21:49:41,904 [INFO]   Fetching subject ENCP ...
2026-04-27 21:49:44,052 [INFO]     57 sections found
2026-04-27 21:50:01,384 [INFO]     Saved 57 sections for ENCP
2026-04-27 21:50:01,585 [INFO]   Fetching subject ENGR ...
2026-04-27 21:50:03,504 [INFO]     35 sections found
2026-04-27 21:50:16,578 [INFO]     Saved 35 sections for ENGR
2026-04-27 21:50:16,779 [INFO]   Fetching subject ENLR ...
2026-04-27 21:50:17,714 [INFO]     3 sections found
2026-04-27 21:50:18,996 [INFO]     Saved 3 sections for ENLR
2026-04-27 21:50:19,197 [INFO]   Fetching subject EMGT ...
2026-04-27 21:50:20,786 [INFO]     16 sections found
2026-04-27 21:50:27,477 [INFO]     Saved 16 sections for EMGT
2026-04-27 21:50:27,679 [INFO]   Fetching subject ENGL ...
2026-04-27 21:50:28,996 [INFO]     47 sections found
2026-04-27 21:50:43,565 [INFO]     Saved 47 sections for ENGL
2026-04-27 21:50:43,766 [INFO]   Fetching subject ENG ...
2026-04-27 21:50:44,896 [INFO]     25 sections found
2026-04-27 21:50:53,957 [INFO]     Saved 25 sections for ENG
2026-04-27 21:50:54,158 [INFO]   Fetching subject ENGW ...
2026-04-27 21:50:57,849 [INFO]     205 sections found
2026-04-27 21:52:01,592 [INFO]     Saved 205 sections for ENGW
2026-04-27 21:52:01,793 [INFO]   Fetching subject ESLG ...
2026-04-27 21:52:03,801 [INFO]     39 sections found
2026-04-27 21:52:17,316 [INFO]     Saved 39 sections for ESLG
2026-04-27 21:52:17,517 [INFO]   Fetching subject ENTR ...
2026-04-27 21:52:18,636 [INFO]     15 sections found
2026-04-27 21:52:23,951 [INFO]     Saved 15 sections for ENTR
2026-04-27 21:52:24,152 [INFO]   Fetching subject ENVS ...
2026-04-27 21:52:25,068 [INFO]     1 sections found
2026-04-27 21:52:26,180 [INFO]     Saved 1 sections for ENVS
2026-04-27 21:52:26,382 [INFO]   Fetching subject EXRE ...
2026-04-27 21:52:27,288 [INFO]     5 sections found
2026-04-27 21:52:29,484 [INFO]     Saved 5 sections for EXRE
2026-04-27 21:52:29,686 [INFO]   Fetching subject FINA ...
2026-04-27 21:52:31,207 [INFO]     118 sections found
2026-04-27 21:53:04,211 [INFO]     Saved 118 sections for FINA
2026-04-27 21:53:04,413 [INFO]   Fetching subject FIN ...
2026-04-27 21:53:05,525 [INFO]     16 sections found
2026-04-27 21:53:10,130 [INFO]     Saved 16 sections for FIN
2026-04-27 21:53:10,331 [INFO]   Fetching subject FSEM ...
2026-04-27 21:53:11,138 [INFO]     2 sections found
2026-04-27 21:53:12,236 [INFO]     Saved 2 sections for FSEM
2026-04-27 21:53:12,437 [INFO]   Fetching subject FRNH ...
2026-04-27 21:53:13,307 [INFO]     14 sections found
2026-04-27 21:53:17,707 [INFO]     Saved 14 sections for FRNH
2026-04-27 21:53:17,908 [INFO]   Fetching subject GAME ...
2026-04-27 21:53:18,900 [INFO]     21 sections found
2026-04-27 21:53:25,956 [INFO]     Saved 21 sections for GAME
2026-04-27 21:53:26,157 [INFO]   Fetching subject GSND ...
2026-04-27 21:53:27,074 [INFO]     20 sections found
2026-04-27 21:53:32,615 [INFO]     Saved 20 sections for GSND
2026-04-27 21:53:32,816 [INFO]   Fetching subject GE ...
2026-04-27 21:53:34,914 [INFO]     42 sections found
2026-04-27 21:53:46,985 [INFO]     Saved 42 sections for GE
2026-04-27 21:53:47,186 [INFO]   Fetching subject GET ...
2026-04-27 21:53:48,015 [INFO]     2 sections found
2026-04-27 21:53:49,148 [INFO]     Saved 2 sections for GET
2026-04-27 21:53:49,350 [INFO]   Fetching subject GRMN ...
2026-04-27 21:53:50,187 [INFO]     6 sections found
2026-04-27 21:53:52,322 [INFO]     Saved 6 sections for GRMN
2026-04-27 21:53:52,524 [INFO]   Fetching subject GBST ...
2026-04-27 21:53:53,356 [INFO]     11 sections found
2026-04-27 21:53:56,728 [INFO]     Saved 11 sections for GBST
2026-04-27 21:53:56,929 [INFO]   Fetching subject GST ...
2026-04-27 21:53:57,820 [INFO]     11 sections found
2026-04-27 21:54:01,206 [INFO]     Saved 11 sections for GST
2026-04-27 21:54:01,407 [INFO]   Fetching subject HINF ...
2026-04-27 21:54:03,588 [INFO]     70 sections found
2026-04-27 21:54:24,065 [INFO]     Saved 70 sections for HINF
2026-04-27 21:54:24,266 [INFO]   Fetching subject HMG ...
2026-04-27 21:54:25,090 [INFO]     4 sections found
2026-04-27 21:54:26,289 [INFO]     Saved 4 sections for HMG
2026-04-27 21:54:26,490 [INFO]   Fetching subject HLTH ...
2026-04-27 21:54:27,657 [INFO]     41 sections found
2026-04-27 21:54:41,625 [INFO]     Saved 41 sections for HLTH
2026-04-27 21:54:41,826 [INFO]   Fetching subject HSCI ...
2026-04-27 21:54:42,787 [INFO]     21 sections found
2026-04-27 21:54:49,601 [INFO]     Saved 21 sections for HSCI
2026-04-27 21:54:49,802 [INFO]   Fetching subject HSC ...
2026-04-27 21:54:50,632 [INFO]     2 sections found
2026-04-27 21:54:51,760 [INFO]     Saved 2 sections for HSC
2026-04-27 21:54:51,961 [INFO]   Fetching subject HBRW ...
2026-04-27 21:54:52,784 [INFO]     3 sections found
2026-04-27 21:54:53,885 [INFO]     Saved 3 sections for HBRW
2026-04-27 21:54:54,086 [INFO]   Rebuilding FTS index ...
2026-04-27 21:54:54,125 [INFO] Done scraping Fall 2026 Semester
2026-04-27 21:54:54,134 [INFO] All done.
